juaJUA/Library/Bee/Android/Prj/Mono2x/Gradle/launcher/build/intermediates/manifest_merge_blame_file/debug/manifest-merger-blame-debug-report.txt
1<?xml version="1.0" encoding="utf-8"?>
2<manifest xmlns:android="http://schemas.android.com/apk/res/android"
3    package="com.DefaultCompany.juaJUA"
4    android:installLocation="preferExternal"
5    android:versionCode="1"
6    android:versionName="0.1" >
7
8    <uses-sdk
9        android:minSdkVersion="25"
9-->src\main\AndroidManifest.xml
10        android:targetSdkVersion="30" />
10-->src\main\AndroidManifest.xml
11
12    <supports-screens
12-->src\main\AndroidManifest.xml:3:3-163
13        android:anyDensity="true"
13-->src\main\AndroidManifest.xml:3:135-160
14        android:largeScreens="true"
14-->src\main\AndroidManifest.xml:3:78-105
15        android:normalScreens="true"
15-->src\main\AndroidManifest.xml:3:49-77
16        android:smallScreens="true"
16-->src\main\AndroidManifest.xml:3:21-48
17        android:xlargeScreens="true" />
17-->src\main\AndroidManifest.xml:3:106-134
18
19    <uses-feature android:glEsVersion="0x00030000" />
19-->[:unityLibrary] AndroidManifest.xml:12:5-54
19-->[:unityLibrary] AndroidManifest.xml:12:19-51
20    <uses-feature
20-->[:unityLibrary] AndroidManifest.xml:13:5-15:36
21        android:name="android.hardware.vulkan.version"
21-->[:unityLibrary] AndroidManifest.xml:14:9-55
22        android:required="false" />
22-->[:unityLibrary] AndroidManifest.xml:15:9-33
23
24    <uses-permission android:name="android.permission.INTERNET" />
24-->[:unityLibrary] AndroidManifest.xml:17:5-67
24-->[:unityLibrary] AndroidManifest.xml:17:22-64
25    <uses-permission android:name="android.permission.ACCESS_NETWORK_STATE" />
25-->[:unityLibrary] AndroidManifest.xml:18:5-79
25-->[:unityLibrary] AndroidManifest.xml:18:22-76
26    <uses-permission android:name="android.permission.ACCESS_FINE_LOCATION" />
26-->[:unityLibrary] AndroidManifest.xml:19:5-79
26-->[:unityLibrary] AndroidManifest.xml:19:22-76
27
28    <uses-feature
28-->[:unityLibrary] AndroidManifest.xml:21:5-23:36
29        android:name="android.hardware.location.gps"
29-->[:unityLibrary] AndroidManifest.xml:22:9-53
30        android:required="false" />
30-->[:unityLibrary] AndroidManifest.xml:23:9-33
31    <uses-feature
31-->[:unityLibrary] AndroidManifest.xml:24:5-26:36
32        android:name="android.hardware.location"
32-->[:unityLibrary] AndroidManifest.xml:25:9-49
33        android:required="false" />
33-->[:unityLibrary] AndroidManifest.xml:26:9-33
34    <uses-feature
34-->[:unityLibrary] AndroidManifest.xml:27:5-29:36
35        android:name="android.hardware.touchscreen"
35-->[:unityLibrary] AndroidManifest.xml:28:9-52
36        android:required="false" />
36-->[:unityLibrary] AndroidManifest.xml:29:9-33
37    <uses-feature
37-->[:unityLibrary] AndroidManifest.xml:30:5-32:36
38        android:name="android.hardware.touchscreen.multitouch"
38-->[:unityLibrary] AndroidManifest.xml:31:9-63
39        android:required="false" />
39-->[:unityLibrary] AndroidManifest.xml:32:9-33
40    <uses-feature
40-->[:unityLibrary] AndroidManifest.xml:33:5-35:36
41        android:name="android.hardware.touchscreen.multitouch.distinct"
41-->[:unityLibrary] AndroidManifest.xml:34:9-72
42        android:required="false" />
42-->[:unityLibrary] AndroidManifest.xml:35:9-33
43
44    <application
44-->src\main\AndroidManifest.xml:4:3-83
45        android:debuggable="true"
46        android:extractNativeLibs="true"
46-->[:unityLibrary] AndroidManifest.xml:37:18-50
47        android:icon="@mipmap/app_icon"
47-->src\main\AndroidManifest.xml:4:49-80
48        android:label="@string/app_name" >
48-->src\main\AndroidManifest.xml:4:16-48
49        <activity
49-->[:unityLibrary] AndroidManifest.xml:38:9-58:20
50            android:name="com.unity3d.player.UnityPlayerActivity"
50-->[:unityLibrary] AndroidManifest.xml:39:13-66
51            android:configChanges="mcc|mnc|locale|touchscreen|keyboard|keyboardHidden|navigation|orientation|screenLayout|uiMode|screenSize|smallestScreenSize|fontScale|layoutDirection|density"
51-->[:unityLibrary] AndroidManifest.xml:40:13-194
52            android:hardwareAccelerated="false"
52-->[:unityLibrary] AndroidManifest.xml:41:13-48
53            android:launchMode="singleTask"
53-->[:unityLibrary] AndroidManifest.xml:42:13-44
54            android:resizeableActivity="false"
54-->[:unityLibrary] AndroidManifest.xml:43:13-47
55            android:screenOrientation="fullUser"
55-->[:unityLibrary] AndroidManifest.xml:44:13-49
56            android:theme="@style/UnityThemeSelector" >
56-->[:unityLibrary] AndroidManifest.xml:45:13-54
57            <intent-filter>
57-->[:unityLibrary] AndroidManifest.xml:46:13-50:29
58                <action android:name="android.intent.action.MAIN" />
58-->[:unityLibrary] AndroidManifest.xml:47:17-69
58-->[:unityLibrary] AndroidManifest.xml:47:25-66
59
60                <category android:name="android.intent.category.LAUNCHER" />
60-->[:unityLibrary] AndroidManifest.xml:49:17-77
60-->[:unityLibrary] AndroidManifest.xml:49:27-74
61            </intent-filter>
62
63            <meta-data
63-->[:unityLibrary] AndroidManifest.xml:52:13-54:40
64                android:name="unityplayer.UnityActivity"
64-->[:unityLibrary] AndroidManifest.xml:53:17-57
65                android:value="true" />
65-->[:unityLibrary] AndroidManifest.xml:54:17-37
66            <meta-data
66-->[:unityLibrary] AndroidManifest.xml:55:13-57:40
67                android:name="android.notch_support"
67-->[:unityLibrary] AndroidManifest.xml:56:17-53
68                android:value="true" />
68-->[:unityLibrary] AndroidManifest.xml:57:17-37
69        </activity>
70
71        <meta-data
71-->[:unityLibrary] AndroidManifest.xml:60:9-62:33
72            android:name="unity.splash-mode"
72-->[:unityLibrary] AndroidManifest.xml:61:13-45
73            android:value="0" />
73-->[:unityLibrary] AndroidManifest.xml:62:13-30
74        <meta-data
74-->[:unityLibrary] AndroidManifest.xml:63:9-65:36
75            android:name="unity.splash-enable"
75-->[:unityLibrary] AndroidManifest.xml:64:13-47
76            android:value="True" />
76-->[:unityLibrary] AndroidManifest.xml:65:13-33
77        <meta-data
77-->[:unityLibrary] AndroidManifest.xml:66:9-68:36
78            android:name="unity.launch-fullscreen"
78-->[:unityLibrary] AndroidManifest.xml:67:13-51
79            android:value="True" />
79-->[:unityLibrary] AndroidManifest.xml:68:13-33
80        <meta-data
80-->[:unityLibrary] AndroidManifest.xml:69:9-71:37
81            android:name="unity.allow-resizable-window"
81-->[:unityLibrary] AndroidManifest.xml:70:13-56
82            android:value="False" />
82-->[:unityLibrary] AndroidManifest.xml:71:13-34
83        <meta-data
83-->[:unityLibrary] AndroidManifest.xml:72:9-74:50
84            android:name="notch.config"
84-->[:unityLibrary] AndroidManifest.xml:73:13-40
85            android:value="portrait|landscape" />
85-->[:unityLibrary] AndroidManifest.xml:74:13-47
86    </application>
87
88</manifest>